  [1m[35m (911.9ms)[0m  [1m[35mCREATE DATABASE "cat-tinder-backend_development" ENCODING = 'unicode'[0m
  ↳ bin/rails:9
  [1m[35m (456.8ms)[0m  [1m[35mCREATE DATABASE "cat-tinder-backend_test" ENCODING = 'unicode'[0m
  ↳ bin/rails:9
  [1m[35m (51.6ms)[0m  [1m[35mCREATE TABLE "schema_migrations" ("version" character varying NOT NULL PRIMARY KEY)[0m
  ↳ bin/rails:9
  [1m[35m (43.7ms)[0m  [1m[35mCREATE TABLE "ar_internal_metadata" ("key" character varying NOT NULL PRIMARY KEY, "value" character varying, "created_at" timestamp NOT NULL, "updated_at" timestamp NOT NULL)[0m
  ↳ bin/rails:9
  [1m[35m (0.2ms)[0m  [1m[34mSELECT pg_try_advisory_lock(5433181277214795510)[0m
  ↳ bin/rails:9
  [1m[35m (0.4ms)[0m  [1m[34mSELECT "schema_migrations"."version" FROM "schema_migrations" ORDER BY "schema_migrations"."version" ASC[0m
  ↳ bin/rails:9
Migrating to CreateCats (20190725162829)
  [1m[35m (0.1ms)[0m  [1m[35mBEGIN[0m
  ↳ bin/rails:9
  [1m[35m (43.6ms)[0m  [1m[35mCREATE TABLE "cats" ("id" bigserial primary key, "name" character varying, "age" integer, "enjoys" text, "created_at" timestamp NOT NULL, "updated_at" timestamp NOT NULL)[0m
  ↳ db/migrate/20190725162829_create_cats.rb:3
  [1m[36mActiveRecord::SchemaMigration Create (0.5ms)[0m  [1m[32mINSERT INTO "schema_migrations" ("version") VALUES ($1) RETURNING "version"[0m  [["version", "20190725162829"]]
  ↳ bin/rails:9
  [1m[35m (0.5ms)[0m  [1m[35mCOMMIT[0m
  ↳ bin/rails:9
  [1m[36mActiveRecord::InternalMetadata Load (0.4ms)[0m  [1m[34mSELECT  "ar_internal_metadata".* FROM "ar_internal_metadata" WHERE "ar_internal_metadata"."key" = $1 LIMIT $2[0m  [["key", "environment"], ["LIMIT", 1]]
  ↳ bin/rails:9
  [1m[35m (0.2ms)[0m  [1m[35mBEGIN[0m
  ↳ bin/rails:9
  [1m[36mActiveRecord::InternalMetadata Create (40.6ms)[0m  [1m[32mINSERT INTO "ar_internal_metadata" ("key", "value", "created_at", "updated_at") VALUES ($1, $2, $3, $4) RETURNING "key"[0m  [["key", "environment"], ["value", "development"], ["created_at", "2019-07-25 16:34:42.545686"], ["updated_at", "2019-07-25 16:34:42.545686"]]
  ↳ bin/rails:9
  [1m[35m (1.0ms)[0m  [1m[35mCOMMIT[0m
  ↳ bin/rails:9
  [1m[35m (0.3ms)[0m  [1m[34mSELECT pg_advisory_unlock(5433181277214795510)[0m
  ↳ bin/rails:9
  [1m[35m (0.7ms)[0m  [1m[34mSELECT "schema_migrations"."version" FROM "schema_migrations" ORDER BY "schema_migrations"."version" ASC[0m
  ↳ bin/rails:9
  [1m[35m (0.1ms)[0m  [1m[35mBEGIN[0m
  [1m[36mCat Create (0.8ms)[0m  [1m[32mINSERT INTO "cats" ("name", "age", "enjoys", "created_at", "updated_at") VALUES ($1, $2, $3, $4, $5) RETURNING "id"[0m  [["name", "Felix"], ["age", 4], ["enjoys", "Window ledges, being in charge, and cat food, lots and lots of cat food."], ["created_at", "2019-07-25 16:36:11.964699"], ["updated_at", "2019-07-25 16:36:11.964699"]]
  [1m[35m (0.5ms)[0m  [1m[35mCOMMIT[0m
  [1m[36mCat Load (0.4ms)[0m  [1m[34mSELECT  "cats".* FROM "cats" LIMIT $1[0m  [["LIMIT", 11]]
  [1m[35m (0.5ms)[0m  [1m[34mSELECT "schema_migrations"."version" FROM "schema_migrations" ORDER BY "schema_migrations"."version" ASC[0m
  ↳ bin/rails:9
  [1m[35m (0.1ms)[0m  [1m[35mBEGIN[0m
  ↳ db/seeds.rb:40
  [1m[36mCat Create (0.5ms)[0m  [1m[32mINSERT INTO "cats" ("name", "age", "enjoys", "created_at", "updated_at") VALUES ($1, $2, $3, $4, $5) RETURNING "id"[0m  [["name", "Felix"], ["age", 2], ["enjoys", "Long naps on the couch, and a warm fire."], ["created_at", "2019-07-25 16:42:42.224023"], ["updated_at", "2019-07-25 16:42:42.224023"]]
  ↳ db/seeds.rb:40
  [1m[35m (0.5ms)[0m  [1m[35mCOMMIT[0m
  ↳ db/seeds.rb:40
  [1m[35m (0.1ms)[0m  [1m[35mBEGIN[0m
  ↳ db/seeds.rb:40
  [1m[36mCat Create (0.2ms)[0m  [1m[32mINSERT INTO "cats" ("name", "age", "enjoys", "created_at", "updated_at") VALUES ($1, $2, $3, $4, $5) RETURNING "id"[0m  [["name", "Homer"], ["age", 12], ["enjoys", "Food mostly, really just food."], ["created_at", "2019-07-25 16:42:42.226692"], ["updated_at", "2019-07-25 16:42:42.226692"]]
  ↳ db/seeds.rb:40
  [1m[35m (5.2ms)[0m  [1m[35mCOMMIT[0m
  ↳ db/seeds.rb:40
  [1m[35m (0.1ms)[0m  [1m[35mBEGIN[0m
  ↳ db/seeds.rb:40
  [1m[36mCat Create (0.3ms)[0m  [1m[32mINSERT INTO "cats" ("name", "age", "enjoys", "created_at", "updated_at") VALUES ($1, $2, $3, $4, $5) RETURNING "id"[0m  [["name", "Carl"], ["age", 24], ["enjoys", "Sleeping."], ["created_at", "2019-07-25 16:42:42.233425"], ["updated_at", "2019-07-25 16:42:42.233425"]]
  ↳ db/seeds.rb:40
  [1m[35m (0.4ms)[0m  [1m[35mCOMMIT[0m
  ↳ db/seeds.rb:40
  [1m[35m (0.1ms)[0m  [1m[35mBEGIN[0m
  ↳ db/seeds.rb:40
  [1m[36mCat Create (0.3ms)[0m  [1m[32mINSERT INTO "cats" ("name", "age", "enjoys", "created_at", "updated_at") VALUES ($1, $2, $3, $4, $5) RETURNING "id"[0m  [["name", "Max"], ["age", 17], ["enjoys", "Killing birds."], ["created_at", "2019-07-25 16:42:42.235417"], ["updated_at", "2019-07-25 16:42:42.235417"]]
  ↳ db/seeds.rb:40
  [1m[35m (0.4ms)[0m  [1m[35mCOMMIT[0m
  ↳ db/seeds.rb:40
  [1m[35m (0.1ms)[0m  [1m[35mBEGIN[0m
  ↳ db/seeds.rb:40
  [1m[36mCat Create (0.2ms)[0m  [1m[32mINSERT INTO "cats" ("name", "age", "enjoys", "created_at", "updated_at") VALUES ($1, $2, $3, $4, $5) RETURNING "id"[0m  [["name", "Chloe"], ["age", 15], ["enjoys", "Being afraid of everything."], ["created_at", "2019-07-25 16:42:42.237245"], ["updated_at", "2019-07-25 16:42:42.237245"]]
  ↳ db/seeds.rb:40
  [1m[35m (0.4ms)[0m  [1m[35mCOMMIT[0m
  ↳ db/seeds.rb:40
  [1m[36mCat Load (0.3ms)[0m  [1m[34mSELECT  "cats".* FROM "cats" LIMIT $1[0m  [["LIMIT", 11]]
  [1m[36mCat Load (0.4ms)[0m  [1m[34mSELECT "cats".* FROM "cats"[0m
  [1m[35m (0.5ms)[0m  [1m[34mSELECT "schema_migrations"."version" FROM "schema_migrations" ORDER BY "schema_migrations"."version" ASC[0m
  ↳ bin/rails:9
  [1m[35m (0.1ms)[0m  [1m[35mBEGIN[0m
  ↳ db/seeds.rb:40
  [1m[36mCat Create (0.5ms)[0m  [1m[32mINSERT INTO "cats" ("name", "age", "enjoys", "created_at", "updated_at") VALUES ($1, $2, $3, $4, $5) RETURNING "id"[0m  [["name", "Felix"], ["age", 2], ["enjoys", "Long naps on the couch, and a warm fire."], ["created_at", "2019-07-25 16:43:26.258099"], ["updated_at", "2019-07-25 16:43:26.258099"]]
  ↳ db/seeds.rb:40
  [1m[35m (0.6ms)[0m  [1m[35mCOMMIT[0m
  ↳ db/seeds.rb:40
  [1m[35m (0.1ms)[0m  [1m[35mBEGIN[0m
  ↳ db/seeds.rb:40
  [1m[36mCat Create (0.2ms)[0m  [1m[32mINSERT INTO "cats" ("name", "age", "enjoys", "created_at", "updated_at") VALUES ($1, $2, $3, $4, $5) RETURNING "id"[0m  [["name", "Homer"], ["age", 12], ["enjoys", "Food mostly, really just food."], ["created_at", "2019-07-25 16:43:26.260786"], ["updated_at", "2019-07-25 16:43:26.260786"]]
  ↳ db/seeds.rb:40
  [1m[35m (5.2ms)[0m  [1m[35mCOMMIT[0m
  ↳ db/seeds.rb:40
  [1m[35m (0.1ms)[0m  [1m[35mBEGIN[0m
  ↳ db/seeds.rb:40
  [1m[36mCat Create (0.2ms)[0m  [1m[32mINSERT INTO "cats" ("name", "age", "enjoys", "created_at", "updated_at") VALUES ($1, $2, $3, $4, $5) RETURNING "id"[0m  [["name", "Carl"], ["age", 24], ["enjoys", "Sleeping."], ["created_at", "2019-07-25 16:43:26.267450"], ["updated_at", "2019-07-25 16:43:26.267450"]]
  ↳ db/seeds.rb:40
  [1m[35m (0.4ms)[0m  [1m[35mCOMMIT[0m
  ↳ db/seeds.rb:40
  [1m[35m (0.1ms)[0m  [1m[35mBEGIN[0m
  ↳ db/seeds.rb:40
  [1m[36mCat Create (0.2ms)[0m  [1m[32mINSERT INTO "cats" ("name", "age", "enjoys", "created_at", "updated_at") VALUES ($1, $2, $3, $4, $5) RETURNING "id"[0m  [["name", "Max"], ["age", 17], ["enjoys", "Killing birds."], ["created_at", "2019-07-25 16:43:26.269307"], ["updated_at", "2019-07-25 16:43:26.269307"]]
  ↳ db/seeds.rb:40
  [1m[35m (0.4ms)[0m  [1m[35mCOMMIT[0m
  ↳ db/seeds.rb:40
  [1m[35m (0.1ms)[0m  [1m[35mBEGIN[0m
  ↳ db/seeds.rb:40
  [1m[36mCat Create (0.2ms)[0m  [1m[32mINSERT INTO "cats" ("name", "age", "enjoys", "created_at", "updated_at") VALUES ($1, $2, $3, $4, $5) RETURNING "id"[0m  [["name", "Chloe"], ["age", 15], ["enjoys", "Being afraid of everything."], ["created_at", "2019-07-25 16:43:26.271121"], ["updated_at", "2019-07-25 16:43:26.271121"]]
  ↳ db/seeds.rb:40
  [1m[35m (0.4ms)[0m  [1m[35mCOMMIT[0m
  ↳ db/seeds.rb:40
  [1m[36mCat Load (0.5ms)[0m  [1m[34mSELECT "cats".* FROM "cats"[0m
  [1m[35m (0.5ms)[0m  [1m[34mSELECT "schema_migrations"."version" FROM "schema_migrations" ORDER BY "schema_migrations"."version" ASC[0m
  ↳ /Users/learn/.rvm/gems/ruby-2.5.3/bin/rake:23
  [1m[35m (0.1ms)[0m  [1m[35mBEGIN[0m
  ↳ db/seeds.rb:40
  [1m[36mCat Create (0.5ms)[0m  [1m[32mINSERT INTO "cats" ("name", "age", "enjoys", "created_at", "updated_at") VALUES ($1, $2, $3, $4, $5) RETURNING "id"[0m  [["name", "Felix"], ["age", 2], ["enjoys", "Long naps on the couch, and a warm fire."], ["created_at", "2019-07-25 16:44:22.566733"], ["updated_at", "2019-07-25 16:44:22.566733"]]
  ↳ db/seeds.rb:40
  [1m[35m (0.5ms)[0m  [1m[35mCOMMIT[0m
  ↳ db/seeds.rb:40
  [1m[35m (0.1ms)[0m  [1m[35mBEGIN[0m
  ↳ db/seeds.rb:40
  [1m[36mCat Create (0.3ms)[0m  [1m[32mINSERT INTO "cats" ("name", "age", "enjoys", "created_at", "updated_at") VALUES ($1, $2, $3, $4, $5) RETURNING "id"[0m  [["name", "Homer"], ["age", 12], ["enjoys", "Food mostly, really just food."], ["created_at", "2019-07-25 16:44:22.569523"], ["updated_at", "2019-07-25 16:44:22.569523"]]
  ↳ db/seeds.rb:40
  [1m[35m (5.1ms)[0m  [1m[35mCOMMIT[0m
  ↳ db/seeds.rb:40
  [1m[35m (0.1ms)[0m  [1m[35mBEGIN[0m
  ↳ db/seeds.rb:40
  [1m[36mCat Create (0.3ms)[0m  [1m[32mINSERT INTO "cats" ("name", "age", "enjoys", "created_at", "updated_at") VALUES ($1, $2, $3, $4, $5) RETURNING "id"[0m  [["name", "Carl"], ["age", 24], ["enjoys", "Sleeping."], ["created_at", "2019-07-25 16:44:22.576206"], ["updated_at", "2019-07-25 16:44:22.576206"]]
  ↳ db/seeds.rb:40
  [1m[35m (0.4ms)[0m  [1m[35mCOMMIT[0m
  ↳ db/seeds.rb:40
  [1m[35m (0.1ms)[0m  [1m[35mBEGIN[0m
  ↳ db/seeds.rb:40
  [1m[36mCat Create (0.3ms)[0m  [1m[32mINSERT INTO "cats" ("name", "age", "enjoys", "created_at", "updated_at") VALUES ($1, $2, $3, $4, $5) RETURNING "id"[0m  [["name", "Max"], ["age", 17], ["enjoys", "Killing birds."], ["created_at", "2019-07-25 16:44:22.578131"], ["updated_at", "2019-07-25 16:44:22.578131"]]
  ↳ db/seeds.rb:40
  [1m[35m (0.4ms)[0m  [1m[35mCOMMIT[0m
  ↳ db/seeds.rb:40
  [1m[35m (0.1ms)[0m  [1m[35mBEGIN[0m
  ↳ db/seeds.rb:40
  [1m[36mCat Create (0.3ms)[0m  [1m[32mINSERT INTO "cats" ("name", "age", "enjoys", "created_at", "updated_at") VALUES ($1, $2, $3, $4, $5) RETURNING "id"[0m  [["name", "Chloe"], ["age", 15], ["enjoys", "Being afraid of everything."], ["created_at", "2019-07-25 16:44:22.580057"], ["updated_at", "2019-07-25 16:44:22.580057"]]
  ↳ db/seeds.rb:40
  [1m[35m (0.5ms)[0m  [1m[35mCOMMIT[0m
  ↳ db/seeds.rb:40
  [1m[36mCat Load (0.5ms)[0m  [1m[34mSELECT "cats".* FROM "cats"[0m
  [1m[35m (0.5ms)[0m  [1m[34mSELECT "schema_migrations"."version" FROM "schema_migrations" ORDER BY "schema_migrations"."version" ASC[0m
  ↳ /Users/learn/.rvm/gems/ruby-2.5.3/bin/rake:23
  [1m[36mCat Load (0.3ms)[0m  [1m[34mSELECT  "cats".* FROM "cats" WHERE "cats"."name" = $1 AND "cats"."age" = $2 AND "cats"."enjoys" = $3 LIMIT $4[0m  [["name", "Felix"], ["age", 2], ["enjoys", "Long naps on the couch, and a warm fire."], ["LIMIT", 1]]
  ↳ db/seeds.rb:40
  [1m[36mCat Load (0.3ms)[0m  [1m[34mSELECT  "cats".* FROM "cats" WHERE "cats"."name" = $1 AND "cats"."age" = $2 AND "cats"."enjoys" = $3 LIMIT $4[0m  [["name", "Homer"], ["age", 12], ["enjoys", "Food mostly, really just food."], ["LIMIT", 1]]
  ↳ db/seeds.rb:40
  [1m[36mCat Load (0.2ms)[0m  [1m[34mSELECT  "cats".* FROM "cats" WHERE "cats"."name" = $1 AND "cats"."age" = $2 AND "cats"."enjoys" = $3 LIMIT $4[0m  [["name", "Carl"], ["age", 24], ["enjoys", "Sleeping."], ["LIMIT", 1]]
  ↳ db/seeds.rb:40
  [1m[36mCat Load (0.2ms)[0m  [1m[34mSELECT  "cats".* FROM "cats" WHERE "cats"."name" = $1 AND "cats"."age" = $2 AND "cats"."enjoys" = $3 LIMIT $4[0m  [["name", "Max"], ["age", 17], ["enjoys", "Killing birds."], ["LIMIT", 1]]
  ↳ db/seeds.rb:40
  [1m[36mCat Load (0.2ms)[0m  [1m[34mSELECT  "cats".* FROM "cats" WHERE "cats"."name" = $1 AND "cats"."age" = $2 AND "cats"."enjoys" = $3 LIMIT $4[0m  [["name", "Chloe"], ["age", 15], ["enjoys", "Being afraid of everything."], ["LIMIT", 1]]
  ↳ db/seeds.rb:40
  [1m[36mCat Load (0.5ms)[0m  [1m[34mSELECT "cats".* FROM "cats"[0m
  [1m[36mCat Destroy (0.9ms)[0m  [1m[31mDELETE FROM "cats"[0m
  [1m[36mCat Load (0.3ms)[0m  [1m[34mSELECT "cats".* FROM "cats"[0m
  [1m[35m (0.5ms)[0m  [1m[34mSELECT "schema_migrations"."version" FROM "schema_migrations" ORDER BY "schema_migrations"."version" ASC[0m
  ↳ bin/rails:9
  [1m[36mCat Load (0.3ms)[0m  [1m[34mSELECT  "cats".* FROM "cats" WHERE "cats"."name" = $1 AND "cats"."age" = $2 AND "cats"."enjoys" = $3 LIMIT $4[0m  [["name", "Felix"], ["age", 2], ["enjoys", "Long naps on the couch, and a warm fire."], ["LIMIT", 1]]
  ↳ db/seeds.rb:40
  [1m[35m (0.1ms)[0m  [1m[35mBEGIN[0m
  ↳ db/seeds.rb:40
  [1m[36mCat Create (0.4ms)[0m  [1m[32mINSERT INTO "cats" ("name", "age", "enjoys", "created_at", "updated_at") VALUES ($1, $2, $3, $4, $5) RETURNING "id"[0m  [["name", "Felix"], ["age", 2], ["enjoys", "Long naps on the couch, and a warm fire."], ["created_at", "2019-07-25 16:49:53.428911"], ["updated_at", "2019-07-25 16:49:53.428911"]]
  ↳ db/seeds.rb:40
  [1m[35m (0.6ms)[0m  [1m[35mCOMMIT[0m
  ↳ db/seeds.rb:40
  [1m[36mCat Load (0.2ms)[0m  [1m[34mSELECT  "cats".* FROM "cats" WHERE "cats"."name" = $1 AND "cats"."age" = $2 AND "cats"."enjoys" = $3 LIMIT $4[0m  [["name", "Homer"], ["age", 12], ["enjoys", "Food mostly, really just food."], ["LIMIT", 1]]
  ↳ db/seeds.rb:40
  [1m[35m (0.1ms)[0m  [1m[35mBEGIN[0m
  ↳ db/seeds.rb:40
  [1m[36mCat Create (0.2ms)[0m  [1m[32mINSERT INTO "cats" ("name", "age", "enjoys", "created_at", "updated_at") VALUES ($1, $2, $3, $4, $5) RETURNING "id"[0m  [["name", "Homer"], ["age", 12], ["enjoys", "Food mostly, really just food."], ["created_at", "2019-07-25 16:49:53.432331"], ["updated_at", "2019-07-25 16:49:53.432331"]]
  ↳ db/seeds.rb:40
  [1m[35m (4.2ms)[0m  [1m[35mCOMMIT[0m
  ↳ db/seeds.rb:40
  [1m[36mCat Load (0.2ms)[0m  [1m[34mSELECT  "cats".* FROM "cats" WHERE "cats"."name" = $1 AND "cats"."age" = $2 AND "cats"."enjoys" = $3 LIMIT $4[0m  [["name", "Carl"], ["age", 24], ["enjoys", "Sleeping."], ["LIMIT", 1]]
  ↳ db/seeds.rb:40
  [1m[35m (0.1ms)[0m  [1m[35mBEGIN[0m
  ↳ db/seeds.rb:40
  [1m[36mCat Create (0.2ms)[0m  [1m[32mINSERT INTO "cats" ("name", "age", "enjoys", "created_at", "updated_at") VALUES ($1, $2, $3, $4, $5) RETURNING "id"[0m  [["name", "Carl"], ["age", 24], ["enjoys", "Sleeping."], ["created_at", "2019-07-25 16:49:53.438874"], ["updated_at", "2019-07-25 16:49:53.438874"]]
  ↳ db/seeds.rb:40
  [1m[35m (0.4ms)[0m  [1m[35mCOMMIT[0m
  ↳ db/seeds.rb:40
  [1m[36mCat Load (0.2ms)[0m  [1m[34mSELECT  "cats".* FROM "cats" WHERE "cats"."name" = $1 AND "cats"."age" = $2 AND "cats"."enjoys" = $3 LIMIT $4[0m  [["name", "Max"], ["age", 17], ["enjoys", "Killing birds."], ["LIMIT", 1]]
  ↳ db/seeds.rb:40
  [1m[35m (0.1ms)[0m  [1m[35mBEGIN[0m
  ↳ db/seeds.rb:40
  [1m[36mCat Create (0.2ms)[0m  [1m[32mINSERT INTO "cats" ("name", "age", "enjoys", "created_at", "updated_at") VALUES ($1, $2, $3, $4, $5) RETURNING "id"[0m  [["name", "Max"], ["age", 17], ["enjoys", "Killing birds."], ["created_at", "2019-07-25 16:49:53.441562"], ["updated_at", "2019-07-25 16:49:53.441562"]]
  ↳ db/seeds.rb:40
  [1m[35m (0.4ms)[0m  [1m[35mCOMMIT[0m
  ↳ db/seeds.rb:40
  [1m[36mCat Load (0.2ms)[0m  [1m[34mSELECT  "cats".* FROM "cats" WHERE "cats"."name" = $1 AND "cats"."age" = $2 AND "cats"."enjoys" = $3 LIMIT $4[0m  [["name", "Chloe"], ["age", 15], ["enjoys", "Being afraid of everything."], ["LIMIT", 1]]
  ↳ db/seeds.rb:40
  [1m[35m (0.1ms)[0m  [1m[35mBEGIN[0m
  ↳ db/seeds.rb:40
  [1m[36mCat Create (0.2ms)[0m  [1m[32mINSERT INTO "cats" ("name", "age", "enjoys", "created_at", "updated_at") VALUES ($1, $2, $3, $4, $5) RETURNING "id"[0m  [["name", "Chloe"], ["age", 15], ["enjoys", "Being afraid of everything."], ["created_at", "2019-07-25 16:49:53.444152"], ["updated_at", "2019-07-25 16:49:53.444152"]]
  ↳ db/seeds.rb:40
  [1m[35m (0.4ms)[0m  [1m[35mCOMMIT[0m
  ↳ db/seeds.rb:40
  [1m[36mCat Load (0.4ms)[0m  [1m[34mSELECT "cats".* FROM "cats"[0m
Started GET "/" for ::1 at 2019-07-25 10:55:08 -0700
  [1m[35m (0.8ms)[0m  [1m[34mSELECT "schema_migrations"."version" FROM "schema_migrations" ORDER BY "schema_migrations"."version" ASC[0m
  ↳ /Users/learn/.rvm/gems/ruby-2.5.3/gems/activerecord-5.2.3/lib/active_record/log_subscriber.rb:98
Processing by Rails::WelcomeController#index as HTML
  Rendering /Users/learn/.rvm/gems/ruby-2.5.3/gems/railties-5.2.3/lib/rails/templates/rails/welcome/index.html.erb
  Rendered /Users/learn/.rvm/gems/ruby-2.5.3/gems/railties-5.2.3/lib/rails/templates/rails/welcome/index.html.erb (4.9ms)
Completed 200 OK in 28ms (Views: 24.6ms | ActiveRecord: 0.0ms)


Started GET "/cats" for ::1 at 2019-07-25 10:55:13 -0700
Processing by CatsController#index as HTML
  [1m[36mCat Load (0.8ms)[0m  [1m[34mSELECT "cats".* FROM "cats"[0m
  ↳ app/controllers/cats_controller.rb:4
Completed 200 OK in 17ms (Views: 8.4ms | ActiveRecord: 6.5ms)


Started GET "/cats" for ::1 at 2019-07-25 11:44:18 -0700
  [1m[35m (0.6ms)[0m  [1m[34mSELECT "schema_migrations"."version" FROM "schema_migrations" ORDER BY "schema_migrations"."version" ASC[0m
  ↳ /Users/learn/.rvm/gems/ruby-2.5.3/gems/activerecord-5.2.3/lib/active_record/log_subscriber.rb:98
Processing by CatsController#index as HTML
  [1m[36mCat Load (0.5ms)[0m  [1m[34mSELECT "cats".* FROM "cats"[0m
  ↳ app/controllers/cats_controller.rb:4
Completed 200 OK in 13ms (Views: 7.3ms | ActiveRecord: 4.5ms)


Started GET "/favicon.ico" for ::1 at 2019-07-25 11:44:18 -0700
  
ActionController::RoutingError (No route matches [GET] "/favicon.ico"):
  
actionpack (5.2.3) lib/action_dispatch/middleware/debug_exceptions.rb:65:in `call'
actionpack (5.2.3) lib/action_dispatch/middleware/show_exceptions.rb:33:in `call'
railties (5.2.3) lib/rails/rack/logger.rb:38:in `call_app'
railties (5.2.3) lib/rails/rack/logger.rb:26:in `block in call'
activesupport (5.2.3) lib/active_support/tagged_logging.rb:71:in `block in tagged'
activesupport (5.2.3) lib/active_support/tagged_logging.rb:28:in `tagged'
activesupport (5.2.3) lib/active_support/tagged_logging.rb:71:in `tagged'
railties (5.2.3) lib/rails/rack/logger.rb:26:in `call'
actionpack (5.2.3) lib/action_dispatch/middleware/remote_ip.rb:81:in `call'
actionpack (5.2.3) lib/action_dispatch/middleware/request_id.rb:27:in `call'
rack (2.0.7) lib/rack/runtime.rb:22:in `call'
activesupport (5.2.3) lib/active_support/cache/strategy/local_cache_middleware.rb:29:in `call'
actionpack (5.2.3) lib/action_dispatch/middleware/executor.rb:14:in `call'
actionpack (5.2.3) lib/action_dispatch/middleware/static.rb:127:in `call'
rack (2.0.7) lib/rack/sendfile.rb:111:in `call'
rack-cors (1.0.3) lib/rack/cors.rb:95:in `call'
railties (5.2.3) lib/rails/engine.rb:524:in `call'
puma (3.12.1) lib/puma/configuration.rb:227:in `call'
puma (3.12.1) lib/puma/server.rb:660:in `handle_request'
puma (3.12.1) lib/puma/server.rb:474:in `process_client'
puma (3.12.1) lib/puma/server.rb:334:in `block in run'
puma (3.12.1) lib/puma/thread_pool.rb:135:in `block in spawn_thread'
Started GET "/cats/1" for ::1 at 2019-07-25 11:44:25 -0700
  
AbstractController::ActionNotFound (The action 'show' could not be found for CatsController):
  
actionpack (5.2.3) lib/abstract_controller/base.rb:129:in `process'
actionpack (5.2.3) lib/action_controller/metal.rb:191:in `dispatch'
actionpack (5.2.3) lib/action_controller/metal.rb:252:in `dispatch'
actionpack (5.2.3) lib/action_dispatch/routing/route_set.rb:52:in `dispatch'
actionpack (5.2.3) lib/action_dispatch/routing/route_set.rb:34:in `serve'
actionpack (5.2.3) lib/action_dispatch/journey/router.rb:52:in `block in serve'
actionpack (5.2.3) lib/action_dispatch/journey/router.rb:35:in `each'
actionpack (5.2.3) lib/action_dispatch/journey/router.rb:35:in `serve'
actionpack (5.2.3) lib/action_dispatch/routing/route_set.rb:840:in `call'
rack (2.0.7) lib/rack/etag.rb:25:in `call'
rack (2.0.7) lib/rack/conditional_get.rb:25:in `call'
rack (2.0.7) lib/rack/head.rb:12:in `call'
activerecord (5.2.3) lib/active_record/migration.rb:559:in `call'
actionpack (5.2.3) lib/action_dispatch/middleware/callbacks.rb:28:in `block in call'
activesupport (5.2.3) lib/active_support/callbacks.rb:98:in `run_callbacks'
actionpack (5.2.3) lib/action_dispatch/middleware/callbacks.rb:26:in `call'
actionpack (5.2.3) lib/action_dispatch/middleware/executor.rb:14:in `call'
actionpack (5.2.3) lib/action_dispatch/middleware/debug_exceptions.rb:61:in `call'
actionpack (5.2.3) lib/action_dispatch/middleware/show_exceptions.rb:33:in `call'
railties (5.2.3) lib/rails/rack/logger.rb:38:in `call_app'
railties (5.2.3) lib/rails/rack/logger.rb:26:in `block in call'
activesupport (5.2.3) lib/active_support/tagged_logging.rb:71:in `block in tagged'
activesupport (5.2.3) lib/active_support/tagged_logging.rb:28:in `tagged'
activesupport (5.2.3) lib/active_support/tagged_logging.rb:71:in `tagged'
railties (5.2.3) lib/rails/rack/logger.rb:26:in `call'
actionpack (5.2.3) lib/action_dispatch/middleware/remote_ip.rb:81:in `call'
actionpack (5.2.3) lib/action_dispatch/middleware/request_id.rb:27:in `call'
rack (2.0.7) lib/rack/runtime.rb:22:in `call'
activesupport (5.2.3) lib/active_support/cache/strategy/local_cache_middleware.rb:29:in `call'
actionpack (5.2.3) lib/action_dispatch/middleware/executor.rb:14:in `call'
actionpack (5.2.3) lib/action_dispatch/middleware/static.rb:127:in `call'
rack (2.0.7) lib/rack/sendfile.rb:111:in `call'
rack-cors (1.0.3) lib/rack/cors.rb:95:in `call'
railties (5.2.3) lib/rails/engine.rb:524:in `call'
puma (3.12.1) lib/puma/configuration.rb:227:in `call'
puma (3.12.1) lib/puma/server.rb:660:in `handle_request'
puma (3.12.1) lib/puma/server.rb:474:in `process_client'
puma (3.12.1) lib/puma/server.rb:334:in `block in run'
puma (3.12.1) lib/puma/thread_pool.rb:135:in `block in spawn_thread'
Started GET "/cats/1" for ::1 at 2019-07-25 11:46:22 -0700
Processing by CatsController#show as HTML
  Parameters: {"id"=>"1"}
  [1m[36mCat Load (0.2ms)[0m  [1m[34mSELECT  "cats".* FROM "cats" WHERE "cats"."id" = $1 LIMIT $2[0m  [["id", 1], ["LIMIT", 1]]
  ↳ app/controllers/cats_controller.rb:17
Completed 404 Not Found in 14ms (ActiveRecord: 5.9ms)


  
ActiveRecord::RecordNotFound (Couldn't find Cat with 'id'=1):
  
app/controllers/cats_controller.rb:17:in `show'
Started GET "/cats/17" for ::1 at 2019-07-25 11:46:31 -0700
Processing by CatsController#show as HTML
  Parameters: {"id"=>"17"}
  [1m[36mCat Load (0.3ms)[0m  [1m[34mSELECT  "cats".* FROM "cats" WHERE "cats"."id" = $1 LIMIT $2[0m  [["id", 17], ["LIMIT", 1]]
  ↳ app/controllers/cats_controller.rb:17
Completed 200 OK in 8ms (Views: 0.1ms | ActiveRecord: 0.3ms)


Started GET "/cats/17" for ::1 at 2019-07-25 11:46:59 -0700
Processing by CatsController#show as HTML
  Parameters: {"id"=>"17"}
  [1m[36mCat Load (0.2ms)[0m  [1m[34mSELECT  "cats".* FROM "cats" WHERE "cats"."id" = $1 LIMIT $2[0m  [["id", 17], ["LIMIT", 1]]
  ↳ app/controllers/cats_controller.rb:17
Completed 200 OK in 13ms (Views: 0.1ms | ActiveRecord: 3.0ms)


Started GET "/cats/17" for ::1 at 2019-07-25 11:47:00 -0700
Processing by CatsController#show as HTML
  Parameters: {"id"=>"17"}
  [1m[36mCat Load (0.3ms)[0m  [1m[34mSELECT  "cats".* FROM "cats" WHERE "cats"."id" = $1 LIMIT $2[0m  [["id", 17], ["LIMIT", 1]]
  ↳ app/controllers/cats_controller.rb:17
Completed 200 OK in 1ms (Views: 0.1ms | ActiveRecord: 0.3ms)


Started GET "/cats/17" for ::1 at 2019-07-25 11:47:00 -0700
Processing by CatsController#show as HTML
  Parameters: {"id"=>"17"}
  [1m[36mCat Load (0.3ms)[0m  [1m[34mSELECT  "cats".* FROM "cats" WHERE "cats"."id" = $1 LIMIT $2[0m  [["id", 17], ["LIMIT", 1]]
  ↳ app/controllers/cats_controller.rb:17
Completed 200 OK in 2ms (Views: 0.1ms | ActiveRecord: 0.3ms)


Started GET "/cats/17" for ::1 at 2019-07-25 11:47:00 -0700
Processing by CatsController#show as HTML
  Parameters: {"id"=>"17"}
  [1m[36mCat Load (0.2ms)[0m  [1m[34mSELECT  "cats".* FROM "cats" WHERE "cats"."id" = $1 LIMIT $2[0m  [["id", 17], ["LIMIT", 1]]
  ↳ app/controllers/cats_controller.rb:17
Completed 200 OK in 1ms (Views: 0.1ms | ActiveRecord: 0.2ms)


Started GET "/cats/18" for ::1 at 2019-07-25 11:47:03 -0700
Processing by CatsController#show as HTML
  Parameters: {"id"=>"18"}
  [1m[36mCat Load (0.2ms)[0m  [1m[34mSELECT  "cats".* FROM "cats" WHERE "cats"."id" = $1 LIMIT $2[0m  [["id", 18], ["LIMIT", 1]]
  ↳ app/controllers/cats_controller.rb:17
Completed 200 OK in 1ms (Views: 0.1ms | ActiveRecord: 0.2ms)


Started GET "/cats/18" for ::1 at 2019-07-25 11:48:03 -0700
Processing by CatsController#show as HTML
  Parameters: {"id"=>"18"}
  [1m[36mCat Load (0.2ms)[0m  [1m[34mSELECT  "cats".* FROM "cats" WHERE "cats"."id" = $1 LIMIT $2[0m  [["id", 18], ["LIMIT", 1]]
  ↳ app/controllers/cats_controller.rb:17
Completed 200 OK in 11ms (Views: 0.1ms | ActiveRecord: 2.9ms)


Started GET "/cats" for ::1 at 2019-07-25 11:48:06 -0700
Processing by CatsController#index as HTML
  [1m[36mCat Load (1.2ms)[0m  [1m[34mSELECT "cats".* FROM "cats"[0m
  ↳ app/controllers/cats_controller.rb:4
Completed 200 OK in 4ms (Views: 2.6ms | ActiveRecord: 1.2ms)


Started GET "/cats" for ::1 at 2019-07-25 11:53:13 -0700
Processing by CatsController#index as */*
  [1m[36mCat Load (0.3ms)[0m  [1m[34mSELECT "cats".* FROM "cats"[0m
  ↳ app/controllers/cats_controller.rb:4
Completed 200 OK in 15ms (Views: 7.7ms | ActiveRecord: 4.9ms)


Started DELETE "/cats/17" for ::1 at 2019-07-25 11:53:30 -0700
Processing by CatsController#destroy as */*
  Parameters: {"id"=>"17"}
  [1m[36mCat Load (0.3ms)[0m  [1m[34mSELECT  "cats".* FROM "cats" WHERE "cats"."id" = $1 LIMIT $2[0m  [["id", 17], ["LIMIT", 1]]
  ↳ app/controllers/cats_controller.rb:28
  [1m[35m (0.3ms)[0m  [1m[35mBEGIN[0m
  ↳ app/controllers/cats_controller.rb:29
  [1m[36mCat Destroy (0.7ms)[0m  [1m[31mDELETE FROM "cats" WHERE "cats"."id" = $1[0m  [["id", 17]]
  ↳ app/controllers/cats_controller.rb:29
  [1m[35m (6.0ms)[0m  [1m[35mCOMMIT[0m
  ↳ app/controllers/cats_controller.rb:29
Completed 200 OK in 11ms (Views: 0.2ms | ActiveRecord: 7.3ms)


Started DELETE "/cats/17" for ::1 at 2019-07-25 11:53:50 -0700
Processing by CatsController#destroy as */*
  Parameters: {"id"=>"17"}
  [1m[36mCat Load (0.2ms)[0m  [1m[34mSELECT  "cats".* FROM "cats" WHERE "cats"."id" = $1 LIMIT $2[0m  [["id", 17], ["LIMIT", 1]]
  ↳ app/controllers/cats_controller.rb:29
Completed 404 Not Found in 19ms (ActiveRecord: 14.7ms)


  
ActiveRecord::RecordNotFound (Couldn't find Cat with 'id'=17):
  
app/controllers/cats_controller.rb:29:in `destroy'
Started DELETE "/cats/18" for ::1 at 2019-07-25 11:53:59 -0700
Processing by CatsController#destroy as */*
  Parameters: {"id"=>"18"}
  [1m[36mCat Load (0.3ms)[0m  [1m[34mSELECT  "cats".* FROM "cats" WHERE "cats"."id" = $1 LIMIT $2[0m  [["id", 18], ["LIMIT", 1]]
  ↳ app/controllers/cats_controller.rb:29
  [1m[35m (0.2ms)[0m  [1m[35mBEGIN[0m
  ↳ app/controllers/cats_controller.rb:30
  [1m[36mCat Destroy (0.4ms)[0m  [1m[31mDELETE FROM "cats" WHERE "cats"."id" = $1[0m  [["id", 18]]
  ↳ app/controllers/cats_controller.rb:30
  [1m[35m (0.6ms)[0m  [1m[35mCOMMIT[0m
  ↳ app/controllers/cats_controller.rb:30
  [1m[36mCat Load (0.3ms)[0m  [1m[34mSELECT "cats".* FROM "cats"[0m
  ↳ app/controllers/cats_controller.rb:31
Completed 200 OK in 14ms (Views: 2.1ms | ActiveRecord: 2.0ms)


Started PUT "/cats/18" for ::1 at 2019-07-25 11:56:05 -0700
Error occurred while parsing request parameters.
Contents:

       "cat": {
       		"name": "Kevin",
        	"age": 1,
        	"enjoys": "Playing with yarn."
       }
  
ActionDispatch::Http::Parameters::ParseError (765: unexpected token at ': {
       		"name": "Kevin",
        	"age": 1,
        	"enjoys": "Playing with yarn."
       }'):
  
actionpack (5.2.3) lib/action_dispatch/http/parameters.rb:117:in `rescue in parse_formatted_parameters'
actionpack (5.2.3) lib/action_dispatch/http/parameters.rb:111:in `parse_formatted_parameters'
actionpack (5.2.3) lib/action_dispatch/http/request.rb:381:in `block in POST'
rack (2.0.7) lib/rack/request.rb:59:in `fetch'
rack (2.0.7) lib/rack/request.rb:59:in `fetch_header'
actionpack (5.2.3) lib/action_dispatch/http/request.rb:380:in `POST'
actionpack (5.2.3) lib/action_dispatch/http/parameters.rb:55:in `parameters'
actionpack (5.2.3) lib/action_controller/metal/params_wrapper.rb:290:in `_wrapper_enabled?'
actionpack (5.2.3) lib/action_controller/metal/params_wrapper.rb:244:in `process_action'
activerecord (5.2.3) lib/active_record/railties/controller_runtime.rb:24:in `process_action'
actionpack (5.2.3) lib/abstract_controller/base.rb:134:in `process'
actionpack (5.2.3) lib/action_controller/metal.rb:191:in `dispatch'
actionpack (5.2.3) lib/action_controller/metal.rb:252:in `dispatch'
actionpack (5.2.3) lib/action_dispatch/routing/route_set.rb:52:in `dispatch'
actionpack (5.2.3) lib/action_dispatch/routing/route_set.rb:34:in `serve'
actionpack (5.2.3) lib/action_dispatch/journey/router.rb:52:in `block in serve'
actionpack (5.2.3) lib/action_dispatch/journey/router.rb:35:in `each'
actionpack (5.2.3) lib/action_dispatch/journey/router.rb:35:in `serve'
actionpack (5.2.3) lib/action_dispatch/routing/route_set.rb:840:in `call'
rack (2.0.7) lib/rack/etag.rb:25:in `call'
rack (2.0.7) lib/rack/conditional_get.rb:38:in `call'
rack (2.0.7) lib/rack/head.rb:12:in `call'
activerecord (5.2.3) lib/active_record/migration.rb:559:in `call'
actionpack (5.2.3) lib/action_dispatch/middleware/callbacks.rb:28:in `block in call'
activesupport (5.2.3) lib/active_support/callbacks.rb:98:in `run_callbacks'
actionpack (5.2.3) lib/action_dispatch/middleware/callbacks.rb:26:in `call'
actionpack (5.2.3) lib/action_dispatch/middleware/executor.rb:14:in `call'
actionpack (5.2.3) lib/action_dispatch/middleware/debug_exceptions.rb:61:in `call'
actionpack (5.2.3) lib/action_dispatch/middleware/show_exceptions.rb:33:in `call'
railties (5.2.3) lib/rails/rack/logger.rb:38:in `call_app'
railties (5.2.3) lib/rails/rack/logger.rb:26:in `block in call'
activesupport (5.2.3) lib/active_support/tagged_logging.rb:71:in `block in tagged'
activesupport (5.2.3) lib/active_support/tagged_logging.rb:28:in `tagged'
activesupport (5.2.3) lib/active_support/tagged_logging.rb:71:in `tagged'
railties (5.2.3) lib/rails/rack/logger.rb:26:in `call'
actionpack (5.2.3) lib/action_dispatch/middleware/remote_ip.rb:81:in `call'
actionpack (5.2.3) lib/action_dispatch/middleware/request_id.rb:27:in `call'
rack (2.0.7) lib/rack/runtime.rb:22:in `call'
activesupport (5.2.3) lib/active_support/cache/strategy/local_cache_middleware.rb:29:in `call'
actionpack (5.2.3) lib/action_dispatch/middleware/executor.rb:14:in `call'
actionpack (5.2.3) lib/action_dispatch/middleware/static.rb:127:in `call'
rack (2.0.7) lib/rack/sendfile.rb:111:in `call'
rack-cors (1.0.3) lib/rack/cors.rb:95:in `call'
railties (5.2.3) lib/rails/engine.rb:524:in `call'
puma (3.12.1) lib/puma/configuration.rb:227:in `call'
puma (3.12.1) lib/puma/server.rb:660:in `handle_request'
puma (3.12.1) lib/puma/server.rb:474:in `process_client'
puma (3.12.1) lib/puma/server.rb:334:in `block in run'
puma (3.12.1) lib/puma/thread_pool.rb:135:in `block in spawn_thread'
Started PUT "/cats/18" for ::1 at 2019-07-25 11:56:26 -0700
Error occurred while parsing request parameters.
Contents:

       "Cats": {
       		"name": "Kevin",
        	"age": 1,
        	"enjoys": "Playing with yarn."
       }
  
ActionDispatch::Http::Parameters::ParseError (765: unexpected token at ': {
       		"name": "Kevin",
        	"age": 1,
        	"enjoys": "Playing with yarn."
       }'):
  
actionpack (5.2.3) lib/action_dispatch/http/parameters.rb:117:in `rescue in parse_formatted_parameters'
actionpack (5.2.3) lib/action_dispatch/http/parameters.rb:111:in `parse_formatted_parameters'
actionpack (5.2.3) lib/action_dispatch/http/request.rb:381:in `block in POST'
rack (2.0.7) lib/rack/request.rb:59:in `fetch'
rack (2.0.7) lib/rack/request.rb:59:in `fetch_header'
actionpack (5.2.3) lib/action_dispatch/http/request.rb:380:in `POST'
actionpack (5.2.3) lib/action_dispatch/http/parameters.rb:55:in `parameters'
actionpack (5.2.3) lib/action_controller/metal/params_wrapper.rb:290:in `_wrapper_enabled?'
actionpack (5.2.3) lib/action_controller/metal/params_wrapper.rb:244:in `process_action'
activerecord (5.2.3) lib/active_record/railties/controller_runtime.rb:24:in `process_action'
actionpack (5.2.3) lib/abstract_controller/base.rb:134:in `process'
actionpack (5.2.3) lib/action_controller/metal.rb:191:in `dispatch'
actionpack (5.2.3) lib/action_controller/metal.rb:252:in `dispatch'
actionpack (5.2.3) lib/action_dispatch/routing/route_set.rb:52:in `dispatch'
actionpack (5.2.3) lib/action_dispatch/routing/route_set.rb:34:in `serve'
actionpack (5.2.3) lib/action_dispatch/journey/router.rb:52:in `block in serve'
actionpack (5.2.3) lib/action_dispatch/journey/router.rb:35:in `each'
actionpack (5.2.3) lib/action_dispatch/journey/router.rb:35:in `serve'
actionpack (5.2.3) lib/action_dispatch/routing/route_set.rb:840:in `call'
rack (2.0.7) lib/rack/etag.rb:25:in `call'
rack (2.0.7) lib/rack/conditional_get.rb:38:in `call'
rack (2.0.7) lib/rack/head.rb:12:in `call'
activerecord (5.2.3) lib/active_record/migration.rb:559:in `call'
actionpack (5.2.3) lib/action_dispatch/middleware/callbacks.rb:28:in `block in call'
activesupport (5.2.3) lib/active_support/callbacks.rb:98:in `run_callbacks'
actionpack (5.2.3) lib/action_dispatch/middleware/callbacks.rb:26:in `call'
actionpack (5.2.3) lib/action_dispatch/middleware/executor.rb:14:in `call'
actionpack (5.2.3) lib/action_dispatch/middleware/debug_exceptions.rb:61:in `call'
actionpack (5.2.3) lib/action_dispatch/middleware/show_exceptions.rb:33:in `call'
railties (5.2.3) lib/rails/rack/logger.rb:38:in `call_app'
railties (5.2.3) lib/rails/rack/logger.rb:26:in `block in call'
activesupport (5.2.3) lib/active_support/tagged_logging.rb:71:in `block in tagged'
activesupport (5.2.3) lib/active_support/tagged_logging.rb:28:in `tagged'
activesupport (5.2.3) lib/active_support/tagged_logging.rb:71:in `tagged'
railties (5.2.3) lib/rails/rack/logger.rb:26:in `call'
actionpack (5.2.3) lib/action_dispatch/middleware/remote_ip.rb:81:in `call'
actionpack (5.2.3) lib/action_dispatch/middleware/request_id.rb:27:in `call'
rack (2.0.7) lib/rack/runtime.rb:22:in `call'
activesupport (5.2.3) lib/active_support/cache/strategy/local_cache_middleware.rb:29:in `call'
actionpack (5.2.3) lib/action_dispatch/middleware/executor.rb:14:in `call'
actionpack (5.2.3) lib/action_dispatch/middleware/static.rb:127:in `call'
rack (2.0.7) lib/rack/sendfile.rb:111:in `call'
rack-cors (1.0.3) lib/rack/cors.rb:95:in `call'
railties (5.2.3) lib/rails/engine.rb:524:in `call'
puma (3.12.1) lib/puma/configuration.rb:227:in `call'
puma (3.12.1) lib/puma/server.rb:660:in `handle_request'
puma (3.12.1) lib/puma/server.rb:474:in `process_client'
puma (3.12.1) lib/puma/server.rb:334:in `block in run'
puma (3.12.1) lib/puma/thread_pool.rb:135:in `block in spawn_thread'
Started PUT "/cats/18" for ::1 at 2019-07-25 11:56:39 -0700
Processing by CatsController#update as */*
  Parameters: {"Cats"=>{"name"=>"Kevin", "age"=>1, "enjoys"=>"Playing with yarn."}, "id"=>"18", "cat"=>{}}
  [1m[36mCat Load (0.3ms)[0m  [1m[34mSELECT  "cats".* FROM "cats" WHERE "cats"."id" = $1 LIMIT $2[0m  [["id", 18], ["LIMIT", 1]]
  ↳ app/controllers/cats_controller.rb:22
Completed 404 Not Found in 2ms (ActiveRecord: 0.3ms)


  
ActiveRecord::RecordNotFound (Couldn't find Cat with 'id'=18):
  
app/controllers/cats_controller.rb:22:in `update'
Started PUT "/cats/18" for ::1 at 2019-07-25 11:57:03 -0700
Processing by CatsController#update as */*
  Parameters: {"name"=>"Kevin", "age"=>1, "enjoys"=>"Playing with yarn.", "id"=>"18", "cat"=>{"name"=>"Kevin", "age"=>1, "enjoys"=>"Playing with yarn."}}
  [1m[36mCat Load (0.3ms)[0m  [1m[34mSELECT  "cats".* FROM "cats" WHERE "cats"."id" = $1 LIMIT $2[0m  [["id", 18], ["LIMIT", 1]]
  ↳ app/controllers/cats_controller.rb:22
Completed 404 Not Found in 1ms (ActiveRecord: 0.3ms)


  
ActiveRecord::RecordNotFound (Couldn't find Cat with 'id'=18):
  
app/controllers/cats_controller.rb:22:in `update'
Started PUT "/cats/18" for ::1 at 2019-07-25 11:59:33 -0700
Processing by CatsController#update as */*
  Parameters: {"cat"=>{"name"=>"Kevin", "age"=>1, "enjoys"=>"Playing with yarn."}, "id"=>"18"}
  [1m[36mCat Load (0.2ms)[0m  [1m[34mSELECT  "cats".* FROM "cats" WHERE "cats"."id" = $1 LIMIT $2[0m  [["id", 18], ["LIMIT", 1]]
  ↳ app/controllers/cats_controller.rb:22
Completed 404 Not Found in 1ms (ActiveRecord: 0.2ms)


  
ActiveRecord::RecordNotFound (Couldn't find Cat with 'id'=18):
  
app/controllers/cats_controller.rb:22:in `update'
Started PUT "/cats/" for ::1 at 2019-07-25 11:59:45 -0700
  
ActionController::RoutingError (No route matches [PUT] "/cats"):
  
actionpack (5.2.3) lib/action_dispatch/middleware/debug_exceptions.rb:65:in `call'
actionpack (5.2.3) lib/action_dispatch/middleware/show_exceptions.rb:33:in `call'
railties (5.2.3) lib/rails/rack/logger.rb:38:in `call_app'
railties (5.2.3) lib/rails/rack/logger.rb:26:in `block in call'
activesupport (5.2.3) lib/active_support/tagged_logging.rb:71:in `block in tagged'
activesupport (5.2.3) lib/active_support/tagged_logging.rb:28:in `tagged'
activesupport (5.2.3) lib/active_support/tagged_logging.rb:71:in `tagged'
railties (5.2.3) lib/rails/rack/logger.rb:26:in `call'
actionpack (5.2.3) lib/action_dispatch/middleware/remote_ip.rb:81:in `call'
actionpack (5.2.3) lib/action_dispatch/middleware/request_id.rb:27:in `call'
rack (2.0.7) lib/rack/runtime.rb:22:in `call'
activesupport (5.2.3) lib/active_support/cache/strategy/local_cache_middleware.rb:29:in `call'
actionpack (5.2.3) lib/action_dispatch/middleware/executor.rb:14:in `call'
actionpack (5.2.3) lib/action_dispatch/middleware/static.rb:127:in `call'
rack (2.0.7) lib/rack/sendfile.rb:111:in `call'
rack-cors (1.0.3) lib/rack/cors.rb:95:in `call'
railties (5.2.3) lib/rails/engine.rb:524:in `call'
puma (3.12.1) lib/puma/configuration.rb:227:in `call'
puma (3.12.1) lib/puma/server.rb:660:in `handle_request'
puma (3.12.1) lib/puma/server.rb:474:in `process_client'
puma (3.12.1) lib/puma/server.rb:334:in `block in run'
puma (3.12.1) lib/puma/thread_pool.rb:135:in `block in spawn_thread'
Started PUT "/" for ::1 at 2019-07-25 12:00:05 -0700
  
ActionController::RoutingError (No route matches [PUT] "/"):
  
actionpack (5.2.3) lib/action_dispatch/middleware/debug_exceptions.rb:65:in `call'
actionpack (5.2.3) lib/action_dispatch/middleware/show_exceptions.rb:33:in `call'
railties (5.2.3) lib/rails/rack/logger.rb:38:in `call_app'
railties (5.2.3) lib/rails/rack/logger.rb:26:in `block in call'
activesupport (5.2.3) lib/active_support/tagged_logging.rb:71:in `block in tagged'
activesupport (5.2.3) lib/active_support/tagged_logging.rb:28:in `tagged'
activesupport (5.2.3) lib/active_support/tagged_logging.rb:71:in `tagged'
railties (5.2.3) lib/rails/rack/logger.rb:26:in `call'
actionpack (5.2.3) lib/action_dispatch/middleware/remote_ip.rb:81:in `call'
actionpack (5.2.3) lib/action_dispatch/middleware/request_id.rb:27:in `call'
rack (2.0.7) lib/rack/runtime.rb:22:in `call'
activesupport (5.2.3) lib/active_support/cache/strategy/local_cache_middleware.rb:29:in `call'
actionpack (5.2.3) lib/action_dispatch/middleware/executor.rb:14:in `call'
actionpack (5.2.3) lib/action_dispatch/middleware/static.rb:127:in `call'
rack (2.0.7) lib/rack/sendfile.rb:111:in `call'
rack-cors (1.0.3) lib/rack/cors.rb:95:in `call'
railties (5.2.3) lib/rails/engine.rb:524:in `call'
puma (3.12.1) lib/puma/configuration.rb:227:in `call'
puma (3.12.1) lib/puma/server.rb:660:in `handle_request'
puma (3.12.1) lib/puma/server.rb:474:in `process_client'
puma (3.12.1) lib/puma/server.rb:334:in `block in run'
puma (3.12.1) lib/puma/thread_pool.rb:135:in `block in spawn_thread'
Started PUT "/cats/" for ::1 at 2019-07-25 12:00:16 -0700
  
ActionController::RoutingError (No route matches [PUT] "/cats"):
  
actionpack (5.2.3) lib/action_dispatch/middleware/debug_exceptions.rb:65:in `call'
actionpack (5.2.3) lib/action_dispatch/middleware/show_exceptions.rb:33:in `call'
railties (5.2.3) lib/rails/rack/logger.rb:38:in `call_app'
railties (5.2.3) lib/rails/rack/logger.rb:26:in `block in call'
activesupport (5.2.3) lib/active_support/tagged_logging.rb:71:in `block in tagged'
activesupport (5.2.3) lib/active_support/tagged_logging.rb:28:in `tagged'
activesupport (5.2.3) lib/active_support/tagged_logging.rb:71:in `tagged'
railties (5.2.3) lib/rails/rack/logger.rb:26:in `call'
actionpack (5.2.3) lib/action_dispatch/middleware/remote_ip.rb:81:in `call'
actionpack (5.2.3) lib/action_dispatch/middleware/request_id.rb:27:in `call'
rack (2.0.7) lib/rack/runtime.rb:22:in `call'
activesupport (5.2.3) lib/active_support/cache/strategy/local_cache_middleware.rb:29:in `call'
actionpack (5.2.3) lib/action_dispatch/middleware/executor.rb:14:in `call'
actionpack (5.2.3) lib/action_dispatch/middleware/static.rb:127:in `call'
rack (2.0.7) lib/rack/sendfile.rb:111:in `call'
rack-cors (1.0.3) lib/rack/cors.rb:95:in `call'
railties (5.2.3) lib/rails/engine.rb:524:in `call'
puma (3.12.1) lib/puma/configuration.rb:227:in `call'
puma (3.12.1) lib/puma/server.rb:660:in `handle_request'
puma (3.12.1) lib/puma/server.rb:474:in `process_client'
puma (3.12.1) lib/puma/server.rb:334:in `block in run'
puma (3.12.1) lib/puma/thread_pool.rb:135:in `block in spawn_thread'
Started PUT "/cats/" for ::1 at 2019-07-25 12:00:23 -0700
  
ActionController::RoutingError (No route matches [PUT] "/cats"):
  
actionpack (5.2.3) lib/action_dispatch/middleware/debug_exceptions.rb:65:in `call'
actionpack (5.2.3) lib/action_dispatch/middleware/show_exceptions.rb:33:in `call'
railties (5.2.3) lib/rails/rack/logger.rb:38:in `call_app'
railties (5.2.3) lib/rails/rack/logger.rb:26:in `block in call'
activesupport (5.2.3) lib/active_support/tagged_logging.rb:71:in `block in tagged'
activesupport (5.2.3) lib/active_support/tagged_logging.rb:28:in `tagged'
activesupport (5.2.3) lib/active_support/tagged_logging.rb:71:in `tagged'
railties (5.2.3) lib/rails/rack/logger.rb:26:in `call'
actionpack (5.2.3) lib/action_dispatch/middleware/remote_ip.rb:81:in `call'
actionpack (5.2.3) lib/action_dispatch/middleware/request_id.rb:27:in `call'
rack (2.0.7) lib/rack/runtime.rb:22:in `call'
activesupport (5.2.3) lib/active_support/cache/strategy/local_cache_middleware.rb:29:in `call'
actionpack (5.2.3) lib/action_dispatch/middleware/executor.rb:14:in `call'
actionpack (5.2.3) lib/action_dispatch/middleware/static.rb:127:in `call'
rack (2.0.7) lib/rack/sendfile.rb:111:in `call'
rack-cors (1.0.3) lib/rack/cors.rb:95:in `call'
railties (5.2.3) lib/rails/engine.rb:524:in `call'
puma (3.12.1) lib/puma/configuration.rb:227:in `call'
puma (3.12.1) lib/puma/server.rb:660:in `handle_request'
puma (3.12.1) lib/puma/server.rb:474:in `process_client'
puma (3.12.1) lib/puma/server.rb:334:in `block in run'
puma (3.12.1) lib/puma/thread_pool.rb:135:in `block in spawn_thread'
Started POST "/cats/" for ::1 at 2019-07-25 12:00:43 -0700
Processing by CatsController#create as */*
  Parameters: {"cats"=>{"name"=>"Kevin", "age"=>1, "enjoys"=>"Playing with yarn."}, "cat"=>{}}
Completed 400 Bad Request in 0ms (ActiveRecord: 0.0ms)


  
ActionController::ParameterMissing (param is missing or the value is empty: cat):
  
app/controllers/cats_controller.rb:35:in `cat_params'
app/controllers/cats_controller.rb:8:in `create'
Started POST "/cats/" for ::1 at 2019-07-25 12:00:52 -0700
Processing by CatsController#create as */*
  Parameters: {"cat"=>{"name"=>"Kevin", "age"=>1, "enjoys"=>"Playing with yarn."}}
  [1m[35m (0.2ms)[0m  [1m[35mBEGIN[0m
  ↳ app/controllers/cats_controller.rb:8
  [1m[36mCat Create (0.5ms)[0m  [1m[32mINSERT INTO "cats" ("name", "age", "enjoys", "created_at", "updated_at") VALUES ($1, $2, $3, $4, $5) RETURNING "id"[0m  [["name", "Kevin"], ["age", 1], ["enjoys", "Playing with yarn."], ["created_at", "2019-07-25 19:00:52.809720"], ["updated_at", "2019-07-25 19:00:52.809720"]]
  ↳ app/controllers/cats_controller.rb:8
  [1m[35m (0.4ms)[0m  [1m[35mCOMMIT[0m
  ↳ app/controllers/cats_controller.rb:8
Completed 200 OK in 4ms (Views: 0.3ms | ActiveRecord: 1.1ms)


Started GET "/cats" for ::1 at 2019-07-25 14:14:28 -0700
Processing by CatsController#index as */*
  [1m[36mCat Load (0.8ms)[0m  [1m[34mSELECT "cats".* FROM "cats"[0m
  ↳ app/controllers/cats_controller.rb:4
Completed 200 OK in 56ms (Views: 7.1ms | ActiveRecord: 11.0ms)


Started GET "/cats" for ::1 at 2019-07-25 14:14:33 -0700
Processing by CatsController#index as */*
  [1m[36mCat Load (0.4ms)[0m  [1m[34mSELECT "cats".* FROM "cats"[0m
  ↳ app/controllers/cats_controller.rb:4
Completed 200 OK in 2ms (Views: 1.6ms | ActiveRecord: 0.4ms)


Started GET "/cats" for ::1 at 2019-07-25 14:14:40 -0700
Processing by CatsController#index as */*
  [1m[36mCat Load (0.4ms)[0m  [1m[34mSELECT "cats".* FROM "cats"[0m
  ↳ app/controllers/cats_controller.rb:4
Completed 200 OK in 3ms (Views: 2.1ms | ActiveRecord: 0.4ms)


Started GET "/cats" for ::1 at 2019-07-25 14:14:41 -0700
Processing by CatsController#index as */*
  [1m[36mCat Load (0.3ms)[0m  [1m[34mSELECT "cats".* FROM "cats"[0m
  ↳ app/controllers/cats_controller.rb:4
Completed 200 OK in 3ms (Views: 2.2ms | ActiveRecord: 0.3ms)


Started GET "/cats" for ::1 at 2019-07-25 14:15:18 -0700
Processing by CatsController#index as */*
  [1m[36mCat Load (0.3ms)[0m  [1m[34mSELECT "cats".* FROM "cats"[0m
  ↳ app/controllers/cats_controller.rb:4
Completed 200 OK in 2ms (Views: 1.6ms | ActiveRecord: 0.3ms)


Started GET "/cats" for ::1 at 2019-07-25 14:17:08 -0700
Processing by CatsController#index as */*
  [1m[36mCat Load (0.3ms)[0m  [1m[34mSELECT "cats".* FROM "cats"[0m
  ↳ app/controllers/cats_controller.rb:4
Completed 200 OK in 2ms (Views: 1.6ms | ActiveRecord: 0.3ms)


Started GET "/cats" for ::1 at 2019-07-25 14:25:43 -0700
Processing by CatsController#index as */*
  [1m[36mCat Load (1.0ms)[0m  [1m[34mSELECT "cats".* FROM "cats"[0m
  ↳ app/controllers/cats_controller.rb:4
Completed 200 OK in 3ms (Views: 2.0ms | ActiveRecord: 1.0ms)


Started GET "/cats" for ::1 at 2019-07-25 14:27:16 -0700
Processing by CatsController#index as */*
  [1m[36mCat Load (3.8ms)[0m  [1m[34mSELECT "cats".* FROM "cats"[0m
  ↳ app/controllers/cats_controller.rb:4
Completed 200 OK in 7ms (Views: 3.1ms | ActiveRecord: 3.8ms)


Started GET "/cats" for ::1 at 2019-07-25 14:27:35 -0700
Processing by CatsController#index as */*
  [1m[36mCat Load (0.3ms)[0m  [1m[34mSELECT "cats".* FROM "cats"[0m
  ↳ app/controllers/cats_controller.rb:4
Completed 200 OK in 2ms (Views: 1.7ms | ActiveRecord: 0.3ms)


Started GET "/cats" for ::1 at 2019-07-25 14:27:39 -0700
Processing by CatsController#index as */*
  [1m[36mCat Load (0.8ms)[0m  [1m[34mSELECT "cats".* FROM "cats"[0m
  ↳ app/controllers/cats_controller.rb:4
Completed 200 OK in 4ms (Views: 2.7ms | ActiveRecord: 0.8ms)


Started GET "/cats" for ::1 at 2019-07-25 14:27:40 -0700
Processing by CatsController#index as */*
  [1m[36mCat Load (0.3ms)[0m  [1m[34mSELECT "cats".* FROM "cats"[0m
  ↳ app/controllers/cats_controller.rb:4
Completed 200 OK in 3ms (Views: 2.1ms | ActiveRecord: 0.3ms)


Started GET "/cats" for ::1 at 2019-07-25 14:27:53 -0700
Processing by CatsController#index as */*
  [1m[36mCat Load (0.5ms)[0m  [1m[34mSELECT "cats".* FROM "cats"[0m
  ↳ app/controllers/cats_controller.rb:4
Completed 200 OK in 4ms (Views: 3.4ms | ActiveRecord: 0.5ms)


Started GET "/cats" for ::1 at 2019-07-25 14:27:55 -0700
Processing by CatsController#index as */*
  [1m[36mCat Load (0.3ms)[0m  [1m[34mSELECT "cats".* FROM "cats"[0m
  ↳ app/controllers/cats_controller.rb:4
Completed 200 OK in 3ms (Views: 2.6ms | ActiveRecord: 0.3ms)


Started GET "/cats" for ::1 at 2019-07-25 14:28:10 -0700
Processing by CatsController#index as */*
  [1m[36mCat Load (2.1ms)[0m  [1m[34mSELECT "cats".* FROM "cats"[0m
  ↳ app/controllers/cats_controller.rb:4
Completed 200 OK in 5ms (Views: 2.8ms | ActiveRecord: 2.1ms)


Started GET "/cats" for ::1 at 2019-07-25 14:29:08 -0700
Processing by CatsController#index as */*
  [1m[36mCat Load (0.3ms)[0m  [1m[34mSELECT "cats".* FROM "cats"[0m
  ↳ app/controllers/cats_controller.rb:4
Completed 200 OK in 2ms (Views: 1.5ms | ActiveRecord: 0.3ms)


Started GET "/cats" for ::1 at 2019-07-25 14:29:11 -0700
Processing by CatsController#index as */*
  [1m[36mCat Load (1.1ms)[0m  [1m[34mSELECT "cats".* FROM "cats"[0m
  ↳ app/controllers/cats_controller.rb:4
Completed 200 OK in 8ms (Views: 6.7ms | ActiveRecord: 1.1ms)


Started GET "/cats" for ::1 at 2019-07-25 14:29:21 -0700
Processing by CatsController#index as */*
  [1m[36mCat Load (0.3ms)[0m  [1m[34mSELECT "cats".* FROM "cats"[0m
  ↳ app/controllers/cats_controller.rb:4
Completed 200 OK in 3ms (Views: 2.1ms | ActiveRecord: 0.3ms)


Started GET "/cats" for ::1 at 2019-07-25 14:29:23 -0700
Processing by CatsController#index as */*
  [1m[36mCat Load (2.3ms)[0m  [1m[34mSELECT "cats".* FROM "cats"[0m
  ↳ app/controllers/cats_controller.rb:4
Completed 200 OK in 5ms (Views: 2.5ms | ActiveRecord: 2.3ms)


Started GET "/cats" for ::1 at 2019-07-25 14:30:44 -0700
Processing by CatsController#index as */*
  [1m[36mCat Load (0.7ms)[0m  [1m[34mSELECT "cats".* FROM "cats"[0m
  ↳ app/controllers/cats_controller.rb:4
Completed 200 OK in 3ms (Views: 2.0ms | ActiveRecord: 0.7ms)


Started GET "/cats" for ::1 at 2019-07-25 14:30:45 -0700
Processing by CatsController#index as */*
  [1m[36mCat Load (1.9ms)[0m  [1m[34mSELECT "cats".* FROM "cats"[0m
  ↳ app/controllers/cats_controller.rb:4
Completed 200 OK in 5ms (Views: 3.1ms | ActiveRecord: 1.9ms)


Started GET "/cats" for ::1 at 2019-07-25 14:30:46 -0700
Processing by CatsController#index as */*
  [1m[36mCat Load (2.3ms)[0m  [1m[34mSELECT "cats".* FROM "cats"[0m
  ↳ app/controllers/cats_controller.rb:4
Completed 200 OK in 5ms (Views: 2.8ms | ActiveRecord: 2.3ms)


Started GET "/cats" for ::1 at 2019-07-25 14:30:46 -0700
Processing by CatsController#index as */*
  [1m[36mCat Load (2.1ms)[0m  [1m[34mSELECT "cats".* FROM "cats"[0m
  ↳ app/controllers/cats_controller.rb:4
Completed 200 OK in 6ms (Views: 3.4ms | ActiveRecord: 2.1ms)


Started GET "/cats" for ::1 at 2019-07-25 14:30:47 -0700
Processing by CatsController#index as */*
  [1m[36mCat Load (1.9ms)[0m  [1m[34mSELECT "cats".* FROM "cats"[0m
  ↳ app/controllers/cats_controller.rb:4
Completed 200 OK in 5ms (Views: 2.7ms | ActiveRecord: 1.9ms)


Started GET "/cats" for ::1 at 2019-07-25 14:30:47 -0700
Processing by CatsController#index as */*
  [1m[36mCat Load (0.7ms)[0m  [1m[34mSELECT "cats".* FROM "cats"[0m
  ↳ app/controllers/cats_controller.rb:4
Completed 200 OK in 4ms (Views: 2.8ms | ActiveRecord: 0.7ms)


Started GET "/cats" for ::1 at 2019-07-25 14:30:47 -0700
Processing by CatsController#index as */*
  [1m[36mCat Load (0.6ms)[0m  [1m[34mSELECT "cats".* FROM "cats"[0m
  ↳ app/controllers/cats_controller.rb:4
Completed 200 OK in 4ms (Views: 2.9ms | ActiveRecord: 0.6ms)


Started GET "/cats" for ::1 at 2019-07-25 14:30:47 -0700
Processing by CatsController#index as */*
  [1m[36mCat Load (1.3ms)[0m  [1m[34mSELECT "cats".* FROM "cats"[0m
  ↳ app/controllers/cats_controller.rb:4
Completed 200 OK in 5ms (Views: 3.1ms | ActiveRecord: 1.3ms)


Started GET "/cats" for ::1 at 2019-07-25 14:30:48 -0700
Processing by CatsController#index as */*
  [1m[36mCat Load (2.0ms)[0m  [1m[34mSELECT "cats".* FROM "cats"[0m
  ↳ app/controllers/cats_controller.rb:4
Completed 200 OK in 5ms (Views: 2.6ms | ActiveRecord: 2.0ms)


Started GET "/cats" for ::1 at 2019-07-25 14:30:48 -0700
Processing by CatsController#index as */*
  [1m[36mCat Load (1.9ms)[0m  [1m[34mSELECT "cats".* FROM "cats"[0m
  ↳ app/controllers/cats_controller.rb:4
Completed 200 OK in 6ms (Views: 3.7ms | ActiveRecord: 1.9ms)


Started GET "/cats" for ::1 at 2019-07-25 14:30:49 -0700
Processing by CatsController#index as */*
  [1m[36mCat Load (3.0ms)[0m  [1m[34mSELECT "cats".* FROM "cats"[0m
  ↳ app/controllers/cats_controller.rb:4
Completed 200 OK in 6ms (Views: 2.8ms | ActiveRecord: 3.0ms)


Started GET "/cats" for ::1 at 2019-07-25 14:30:49 -0700
Processing by CatsController#index as */*
  [1m[36mCat Load (0.4ms)[0m  [1m[34mSELECT "cats".* FROM "cats"[0m
  ↳ app/controllers/cats_controller.rb:4
Completed 200 OK in 3ms (Views: 2.4ms | ActiveRecord: 0.4ms)


Started GET "/cats" for ::1 at 2019-07-25 14:30:49 -0700
Processing by CatsController#index as */*
  [1m[36mCat Load (1.8ms)[0m  [1m[34mSELECT "cats".* FROM "cats"[0m
  ↳ app/controllers/cats_controller.rb:4
Completed 200 OK in 4ms (Views: 2.1ms | ActiveRecord: 1.8ms)


Started GET "/cats" for ::1 at 2019-07-25 14:30:50 -0700
Processing by CatsController#index as */*
  [1m[36mCat Load (0.5ms)[0m  [1m[34mSELECT "cats".* FROM "cats"[0m
  ↳ app/controllers/cats_controller.rb:4
Completed 200 OK in 4ms (Views: 3.3ms | ActiveRecord: 0.5ms)


Started GET "/cats" for ::1 at 2019-07-25 14:31:21 -0700
Processing by CatsController#index as */*
  [1m[36mCat Load (0.3ms)[0m  [1m[34mSELECT "cats".* FROM "cats"[0m
  ↳ app/controllers/cats_controller.rb:4
Completed 200 OK in 2ms (Views: 1.4ms | ActiveRecord: 0.3ms)


Started GET "/cats" for ::1 at 2019-07-25 14:31:31 -0700
Processing by CatsController#index as */*
  [1m[36mCat Load (0.4ms)[0m  [1m[34mSELECT "cats".* FROM "cats"[0m
  ↳ app/controllers/cats_controller.rb:4
Completed 200 OK in 2ms (Views: 1.7ms | ActiveRecord: 0.4ms)


Started GET "/cats" for ::1 at 2019-07-25 14:31:39 -0700
Processing by CatsController#index as */*
  [1m[36mCat Load (0.3ms)[0m  [1m[34mSELECT "cats".* FROM "cats"[0m
  ↳ app/controllers/cats_controller.rb:4
Completed 200 OK in 3ms (Views: 2.4ms | ActiveRecord: 0.3ms)


Started GET "/cats" for ::1 at 2019-07-25 14:31:42 -0700
Processing by CatsController#index as */*
  [1m[36mCat Load (2.3ms)[0m  [1m[34mSELECT "cats".* FROM "cats"[0m
  ↳ app/controllers/cats_controller.rb:4
Completed 200 OK in 6ms (Views: 2.8ms | ActiveRecord: 2.3ms)


  [1m[36mCat Load (0.5ms)[0m  [1m[34mSELECT "cats".* FROM "cats"[0m
Started GET "/cats" for ::1 at 2019-07-25 14:55:39 -0700
Processing by CatsController#index as */*
  [1m[36mCat Load (1.4ms)[0m  [1m[34mSELECT "cats".* FROM "cats"[0m
  ↳ app/controllers/cats_controller.rb:4
Completed 200 OK in 4ms (Views: 2.4ms | ActiveRecord: 1.4ms)


Started GET "/cats" for ::1 at 2019-07-25 14:55:41 -0700
Processing by CatsController#index as */*
  [1m[36mCat Load (2.3ms)[0m  [1m[34mSELECT "cats".* FROM "cats"[0m
  ↳ app/controllers/cats_controller.rb:4
Completed 200 OK in 6ms (Views: 2.9ms | ActiveRecord: 2.3ms)


Started GET "/cats" for ::1 at 2019-07-25 14:55:42 -0700
Processing by CatsController#index as */*
  [1m[36mCat Load (0.3ms)[0m  [1m[34mSELECT "cats".* FROM "cats"[0m
  ↳ app/controllers/cats_controller.rb:4
Completed 200 OK in 3ms (Views: 2.6ms | ActiveRecord: 0.3ms)


Started POST "/cats" for ::1 at 2019-07-25 14:55:50 -0700
Processing by CatsController#create as */*
  Parameters: {"id"=>"", "name"=>"bootsyq", "age"=>"42", "enjoys"=>"lalalalallalalallalalala", "cat"=>{"id"=>"", "name"=>"bootsyq", "age"=>"42", "enjoys"=>"lalalalallalalallalalala"}}
Unpermitted parameter: :id
  [1m[35m (0.2ms)[0m  [1m[35mBEGIN[0m
  ↳ app/controllers/cats_controller.rb:8
  [1m[36mCat Create (1.1ms)[0m  [1m[32mINSERT INTO "cats" ("name", "age", "enjoys", "created_at", "updated_at") VALUES ($1, $2, $3, $4, $5) RETURNING "id"[0m  [["name", "bootsyq"], ["age", 42], ["enjoys", "lalalalallalalallalalala"], ["created_at", "2019-07-25 21:55:50.078559"], ["updated_at", "2019-07-25 21:55:50.078559"]]
  ↳ app/controllers/cats_controller.rb:8
  [1m[35m (47.7ms)[0m  [1m[35mCOMMIT[0m
  ↳ app/controllers/cats_controller.rb:8
Completed 200 OK in 53ms (Views: 0.4ms | ActiveRecord: 49.0ms)


Started GET "/cats" for ::1 at 2019-07-25 14:55:50 -0700
Processing by CatsController#index as */*
  [1m[36mCat Load (0.5ms)[0m  [1m[34mSELECT "cats".* FROM "cats"[0m
  ↳ app/controllers/cats_controller.rb:4
Completed 200 OK in 4ms (Views: 2.7ms | ActiveRecord: 0.5ms)


Started GET "/cats" for ::1 at 2019-07-25 14:55:51 -0700
Processing by CatsController#index as */*
  [1m[36mCat Load (2.3ms)[0m  [1m[34mSELECT "cats".* FROM "cats"[0m
  ↳ app/controllers/cats_controller.rb:4
Completed 200 OK in 5ms (Views: 2.9ms | ActiveRecord: 2.3ms)


Started GET "/cats" for ::1 at 2019-07-25 14:56:05 -0700
Processing by CatsController#index as */*
  [1m[36mCat Load (0.3ms)[0m  [1m[34mSELECT "cats".* FROM "cats"[0m
  ↳ app/controllers/cats_controller.rb:4
Completed 200 OK in 2ms (Views: 1.9ms | ActiveRecord: 0.3ms)


Started GET "/cats" for ::1 at 2019-07-25 15:02:17 -0700
Processing by CatsController#index as */*
  [1m[36mCat Load (0.8ms)[0m  [1m[34mSELECT "cats".* FROM "cats"[0m
  ↳ app/controllers/cats_controller.rb:4
Completed 200 OK in 5ms (Views: 3.6ms | ActiveRecord: 0.8ms)


Started POST "/cats" for ::1 at 2019-07-25 15:02:19 -0700
Processing by CatsController#create as */*
  Parameters: {"id"=>"", "name"=>"", "age"=>"", "enjoys"=>"", "cat"=>{"id"=>"", "name"=>"", "age"=>"", "enjoys"=>""}}
Unpermitted parameter: :id
  [1m[35m (0.2ms)[0m  [1m[35mBEGIN[0m
  ↳ app/controllers/cats_controller.rb:8
  [1m[35m (0.7ms)[0m  [1m[31mROLLBACK[0m
  ↳ app/controllers/cats_controller.rb:8
Completed 422 Unprocessable Entity in 46ms (Views: 0.3ms | ActiveRecord: 0.9ms)


Started GET "/cats" for ::1 at 2019-07-25 15:02:19 -0700
Processing by CatsController#index as */*
  [1m[36mCat Load (0.3ms)[0m  [1m[34mSELECT "cats".* FROM "cats"[0m
  ↳ app/controllers/cats_controller.rb:4
Completed 200 OK in 3ms (Views: 2.4ms | ActiveRecord: 0.3ms)


Started GET "/cats" for ::1 at 2019-07-25 15:02:20 -0700
Processing by CatsController#index as */*
  [1m[36mCat Load (2.2ms)[0m  [1m[34mSELECT "cats".* FROM "cats"[0m
  ↳ app/controllers/cats_controller.rb:4
Completed 200 OK in 7ms (Views: 4.5ms | ActiveRecord: 2.2ms)


  [1m[36mCat Load (0.4ms)[0m  [1m[34mSELECT "cats".* FROM "cats"[0m
Started GET "/cats" for ::1 at 2019-07-25 15:28:57 -0700
Processing by CatsController#index as */*
  [1m[36mCat Load (0.5ms)[0m  [1m[34mSELECT "cats".* FROM "cats"[0m
  ↳ app/controllers/cats_controller.rb:4
Completed 200 OK in 4ms (Views: 3.5ms | ActiveRecord: 0.5ms)


Started GET "/cats" for ::1 at 2019-07-25 15:31:35 -0700
Processing by CatsController#index as */*
  [1m[36mCat Load (0.3ms)[0m  [1m[34mSELECT "cats".* FROM "cats"[0m
  ↳ app/controllers/cats_controller.rb:4
Completed 200 OK in 2ms (Views: 1.4ms | ActiveRecord: 0.3ms)


Started GET "/cats" for ::1 at 2019-07-25 15:32:04 -0700
Processing by CatsController#index as */*
  [1m[36mCat Load (0.3ms)[0m  [1m[34mSELECT "cats".* FROM "cats"[0m
  ↳ app/controllers/cats_controller.rb:4
Completed 200 OK in 3ms (Views: 2.9ms | ActiveRecord: 0.3ms)


Started GET "/cats" for ::1 at 2019-07-25 15:32:14 -0700
Processing by CatsController#index as */*
  [1m[36mCat Load (0.5ms)[0m  [1m[34mSELECT "cats".* FROM "cats"[0m
  ↳ app/controllers/cats_controller.rb:4
Completed 200 OK in 4ms (Views: 3.4ms | ActiveRecord: 0.5ms)


Started GET "/cats" for ::1 at 2019-07-25 15:32:53 -0700
Processing by CatsController#index as */*
  [1m[36mCat Load (0.3ms)[0m  [1m[34mSELECT "cats".* FROM "cats"[0m
  ↳ app/controllers/cats_controller.rb:4
Completed 200 OK in 3ms (Views: 2.3ms | ActiveRecord: 0.3ms)


Started GET "/cats" for ::1 at 2019-07-25 15:33:14 -0700
Processing by CatsController#index as */*
  [1m[36mCat Load (1.4ms)[0m  [1m[34mSELECT "cats".* FROM "cats"[0m
  ↳ app/controllers/cats_controller.rb:4
Completed 200 OK in 4ms (Views: 2.2ms | ActiveRecord: 1.4ms)


Started GET "/cats" for ::1 at 2019-07-25 15:37:32 -0700
Processing by CatsController#index as */*
  [1m[36mCat Load (0.3ms)[0m  [1m[34mSELECT "cats".* FROM "cats"[0m
  ↳ app/controllers/cats_controller.rb:4
Completed 200 OK in 2ms (Views: 1.6ms | ActiveRecord: 0.3ms)


Started GET "/cats" for ::1 at 2019-07-25 15:37:56 -0700
Processing by CatsController#index as */*
  [1m[36mCat Load (0.3ms)[0m  [1m[34mSELECT "cats".* FROM "cats"[0m
  ↳ app/controllers/cats_controller.rb:4
Completed 200 OK in 2ms (Views: 1.8ms | ActiveRecord: 0.3ms)


Started GET "/cats" for ::1 at 2019-07-25 15:38:18 -0700
Processing by CatsController#index as */*
  [1m[36mCat Load (0.3ms)[0m  [1m[34mSELECT "cats".* FROM "cats"[0m
  ↳ app/controllers/cats_controller.rb:4
Completed 200 OK in 2ms (Views: 1.6ms | ActiveRecord: 0.3ms)


Started GET "/cats" for ::1 at 2019-07-25 15:38:24 -0700
Processing by CatsController#index as */*
  [1m[36mCat Load (0.3ms)[0m  [1m[34mSELECT "cats".* FROM "cats"[0m
  ↳ app/controllers/cats_controller.rb:4
Completed 200 OK in 3ms (Views: 2.8ms | ActiveRecord: 0.3ms)


Started GET "/cats" for ::1 at 2019-07-25 15:39:40 -0700
Processing by CatsController#index as */*
  [1m[36mCat Load (0.3ms)[0m  [1m[34mSELECT "cats".* FROM "cats"[0m
  ↳ app/controllers/cats_controller.rb:4
Completed 200 OK in 4ms (Views: 3.6ms | ActiveRecord: 0.3ms)


Started GET "/cats" for ::1 at 2019-07-25 15:40:18 -0700
Processing by CatsController#index as */*
  [1m[36mCat Load (3.4ms)[0m  [1m[34mSELECT "cats".* FROM "cats"[0m
  ↳ app/controllers/cats_controller.rb:4
Completed 200 OK in 9ms (Views: 5.3ms | ActiveRecord: 3.4ms)


Started GET "/cats" for ::1 at 2019-07-25 15:40:25 -0700
Processing by CatsController#index as */*
  [1m[36mCat Load (0.6ms)[0m  [1m[34mSELECT "cats".* FROM "cats"[0m
  ↳ app/controllers/cats_controller.rb:4
Completed 200 OK in 3ms (Views: 2.6ms | ActiveRecord: 0.6ms)


Started GET "/cats" for ::1 at 2019-07-25 15:40:41 -0700
Processing by CatsController#index as */*
  [1m[36mCat Load (7.0ms)[0m  [1m[34mSELECT "cats".* FROM "cats"[0m
  ↳ app/controllers/cats_controller.rb:4
Completed 200 OK in 9ms (Views: 2.1ms | ActiveRecord: 7.0ms)


Started GET "/cats" for ::1 at 2019-07-25 15:40:55 -0700
Processing by CatsController#index as */*
  [1m[36mCat Load (0.5ms)[0m  [1m[34mSELECT "cats".* FROM "cats"[0m
  ↳ app/controllers/cats_controller.rb:4
Completed 200 OK in 3ms (Views: 1.9ms | ActiveRecord: 0.5ms)


Started GET "/cats" for ::1 at 2019-07-25 15:43:49 -0700
Processing by CatsController#index as */*
  [1m[36mCat Load (0.4ms)[0m  [1m[34mSELECT "cats".* FROM "cats"[0m
  ↳ app/controllers/cats_controller.rb:4
Completed 200 OK in 3ms (Views: 2.4ms | ActiveRecord: 0.4ms)


Started GET "/cats" for ::1 at 2019-07-25 15:50:25 -0700
Processing by CatsController#index as */*
  [1m[36mCat Load (1.0ms)[0m  [1m[34mSELECT "cats".* FROM "cats"[0m
  ↳ app/controllers/cats_controller.rb:4
Completed 200 OK in 4ms (Views: 2.6ms | ActiveRecord: 1.0ms)


Started GET "/cats" for ::1 at 2019-07-25 15:50:38 -0700
Processing by CatsController#index as */*
  [1m[36mCat Load (0.4ms)[0m  [1m[34mSELECT "cats".* FROM "cats"[0m
  ↳ app/controllers/cats_controller.rb:4
Completed 200 OK in 3ms (Views: 2.5ms | ActiveRecord: 0.4ms)


Started GET "/cats" for ::1 at 2019-07-25 15:50:47 -0700
Processing by CatsController#index as */*
  [1m[36mCat Load (0.8ms)[0m  [1m[34mSELECT "cats".* FROM "cats"[0m
  ↳ app/controllers/cats_controller.rb:4
Completed 200 OK in 4ms (Views: 2.6ms | ActiveRecord: 0.8ms)


Started GET "/cats" for ::1 at 2019-07-25 15:50:55 -0700
Processing by CatsController#index as */*
  [1m[36mCat Load (0.4ms)[0m  [1m[34mSELECT "cats".* FROM "cats"[0m
  ↳ app/controllers/cats_controller.rb:4
Completed 200 OK in 3ms (Views: 2.5ms | ActiveRecord: 0.4ms)


Started GET "/cats" for ::1 at 2019-07-25 15:51:05 -0700
Processing by CatsController#index as */*
  [1m[36mCat Load (0.5ms)[0m  [1m[34mSELECT "cats".* FROM "cats"[0m
  ↳ app/controllers/cats_controller.rb:4
Completed 200 OK in 3ms (Views: 2.1ms | ActiveRecord: 0.5ms)


Started GET "/cats" for ::1 at 2019-07-25 15:52:18 -0700
Processing by CatsController#index as */*
  [1m[36mCat Load (0.9ms)[0m  [1m[34mSELECT "cats".* FROM "cats"[0m
  ↳ app/controllers/cats_controller.rb:4
Completed 200 OK in 3ms (Views: 2.3ms | ActiveRecord: 0.9ms)


Started GET "/cats" for ::1 at 2019-07-25 15:52:38 -0700
Processing by CatsController#index as */*
  [1m[36mCat Load (0.3ms)[0m  [1m[34mSELECT "cats".* FROM "cats"[0m
  ↳ app/controllers/cats_controller.rb:4
Completed 200 OK in 2ms (Views: 1.8ms | ActiveRecord: 0.3ms)


Started GET "/cats" for ::1 at 2019-07-25 15:53:57 -0700
Processing by CatsController#index as */*
  [1m[36mCat Load (0.4ms)[0m  [1m[34mSELECT "cats".* FROM "cats"[0m
  ↳ app/controllers/cats_controller.rb:4
Completed 200 OK in 3ms (Views: 2.8ms | ActiveRecord: 0.4ms)


Started GET "/cats" for ::1 at 2019-07-25 15:54:50 -0700
Processing by CatsController#index as */*
  [1m[36mCat Load (0.5ms)[0m  [1m[34mSELECT "cats".* FROM "cats"[0m
  ↳ app/controllers/cats_controller.rb:4
Completed 200 OK in 4ms (Views: 2.8ms | ActiveRecord: 0.5ms)


Started GET "/cats" for ::1 at 2019-07-25 15:55:15 -0700
Processing by CatsController#index as */*
  [1m[36mCat Load (1.9ms)[0m  [1m[34mSELECT "cats".* FROM "cats"[0m
  ↳ app/controllers/cats_controller.rb:4
Completed 200 OK in 5ms (Views: 2.8ms | ActiveRecord: 1.9ms)


